Analysis & Synthesis report for em_project
Sat Feb 20 15:23:03 2021
Quartus Prime Version 20.1.1 Build 720 11/11/2020 SJ Standard Edition


---------------------
; Table of Contents ;
---------------------
  1. Legal Notice
  2. Analysis & Synthesis Summary
  3. Analysis & Synthesis Settings
  4. Parallel Compilation
  5. Analysis & Synthesis Source Files Read
  6. Analysis & Synthesis Resource Usage Summary
  7. Analysis & Synthesis Resource Utilization by Entity
  8. Analysis & Synthesis IP Cores Summary
  9. Registers Removed During Synthesis
 10. General Register Statistics
 11. Inverted Register Statistics
 12. Multiplexer Restructuring Statistics (Restructuring Performed)
 13. Parameter Settings for User Entity Instance: refresh_pll:REFRESH_PLL_CLK|refresh_pll_0002:refresh_pll_inst|altera_pll:altera_pll_i
 14. Parameter Settings for User Entity Instance: vtc:VGA_VTC
 15. Parameter Settings for User Entity Instance: pixel_gen:PIXEL_GEN
 16. Port Connectivity Checks: "refresh_pll:REFRESH_PLL_CLK"
 17. Port Connectivity Checks: "reset:RESET"
 18. Post-Synthesis Netlist Statistics for Top Partition
 19. Elapsed Time Per Partition
 20. Analysis & Synthesis Messages



----------------
; Legal Notice ;
----------------
Copyright (C) 2020  Intel Corporation. All rights reserved.
Your use of Intel Corporation's design tools, logic functions 
and other software and tools, and any partner logic 
functions, and any output files from any of the foregoing 
(including device programming or simulation files), and any 
associated documentation or information are expressly subject 
to the terms and conditions of the Intel Program License 
Subscription Agreement, the Intel Quartus Prime License Agreement,
the Intel FPGA IP License Agreement, or other applicable license
agreement, including, without limitation, that your use is for
the sole purpose of programming logic devices manufactured by
Intel and sold by Intel or its authorized distributors.  Please
refer to the applicable agreement for further details, at
https://fpgasoftware.intel.com/eula.



+-----------------------------------------------------------------------------------+
; Analysis & Synthesis Summary                                                      ;
+---------------------------------+-------------------------------------------------+
; Analysis & Synthesis Status     ; Successful - Sat Feb 20 15:23:03 2021           ;
; Quartus Prime Version           ; 20.1.1 Build 720 11/11/2020 SJ Standard Edition ;
; Revision Name                   ; em_project                                      ;
; Top-level Entity Name           ; em_project                                      ;
; Family                          ; Cyclone V                                       ;
; Logic utilization (in ALMs)     ; N/A                                             ;
; Total registers                 ; 34                                              ;
; Total pins                      ; 54                                              ;
; Total virtual pins              ; 0                                               ;
; Total block memory bits         ; 0                                               ;
; Total DSP Blocks                ; 0                                               ;
; Total HSSI RX PCSs              ; 0                                               ;
; Total HSSI PMA RX Deserializers ; 0                                               ;
; Total HSSI TX PCSs              ; 0                                               ;
; Total HSSI PMA TX Serializers   ; 0                                               ;
; Total PLLs                      ; 1                                               ;
; Total DLLs                      ; 0                                               ;
+---------------------------------+-------------------------------------------------+


+---------------------------------------------------------------------------------------------------------------------------+
; Analysis & Synthesis Settings                                                                                             ;
+---------------------------------------------------------------------------------+--------------------+--------------------+
; Option                                                                          ; Setting            ; Default Value      ;
+---------------------------------------------------------------------------------+--------------------+--------------------+
; Device                                                                          ; 5CSXFC6D6F31C6     ;                    ;
; Top-level entity name                                                           ; em_project         ; em_project         ;
; Family name                                                                     ; Cyclone V          ; Cyclone V          ;
; Verilog Show LMF Mapping Messages                                               ; Off                ;                    ;
; Verilog Version                                                                 ; SystemVerilog_2005 ; Verilog_2001       ;
; Use smart compilation                                                           ; Off                ; Off                ;
; Enable parallel Assembler and Timing Analyzer during compilation                ; On                 ; On                 ;
; Enable compact report table                                                     ; Off                ; Off                ;
; Restructure Multiplexers                                                        ; Auto               ; Auto               ;
; MLAB Add Timing Constraints For Mixed-Port Feed-Through Mode Setting Don't Care ; Off                ; Off                ;
; Create Debugging Nodes for IP Cores                                             ; Off                ; Off                ;
; Preserve fewer node names                                                       ; On                 ; On                 ;
; Intel FPGA IP Evaluation Mode                                                   ; Enable             ; Enable             ;
; VHDL Version                                                                    ; VHDL_1993          ; VHDL_1993          ;
; State Machine Processing                                                        ; Auto               ; Auto               ;
; Safe State Machine                                                              ; Off                ; Off                ;
; Extract Verilog State Machines                                                  ; On                 ; On                 ;
; Extract VHDL State Machines                                                     ; On                 ; On                 ;
; Ignore Verilog initial constructs                                               ; Off                ; Off                ;
; Iteration limit for constant Verilog loops                                      ; 5000               ; 5000               ;
; Iteration limit for non-constant Verilog loops                                  ; 250                ; 250                ;
; Add Pass-Through Logic to Inferred RAMs                                         ; On                 ; On                 ;
; Infer RAMs from Raw Logic                                                       ; On                 ; On                 ;
; Parallel Synthesis                                                              ; On                 ; On                 ;
; DSP Block Balancing                                                             ; Auto               ; Auto               ;
; NOT Gate Push-Back                                                              ; On                 ; On                 ;
; Power-Up Don't Care                                                             ; On                 ; On                 ;
; Remove Redundant Logic Cells                                                    ; Off                ; Off                ;
; Remove Duplicate Registers                                                      ; On                 ; On                 ;
; Ignore CARRY Buffers                                                            ; Off                ; Off                ;
; Ignore CASCADE Buffers                                                          ; Off                ; Off                ;
; Ignore GLOBAL Buffers                                                           ; Off                ; Off                ;
; Ignore ROW GLOBAL Buffers                                                       ; Off                ; Off                ;
; Ignore LCELL Buffers                                                            ; Off                ; Off                ;
; Ignore SOFT Buffers                                                             ; On                 ; On                 ;
; Limit AHDL Integers to 32 Bits                                                  ; Off                ; Off                ;
; Optimization Technique                                                          ; Balanced           ; Balanced           ;
; Carry Chain Length                                                              ; 70                 ; 70                 ;
; Auto Carry Chains                                                               ; On                 ; On                 ;
; Auto Open-Drain Pins                                                            ; On                 ; On                 ;
; Perform WYSIWYG Primitive Resynthesis                                           ; Off                ; Off                ;
; Auto ROM Replacement                                                            ; On                 ; On                 ;
; Auto RAM Replacement                                                            ; On                 ; On                 ;
; Auto DSP Block Replacement                                                      ; On                 ; On                 ;
; Auto Shift Register Replacement                                                 ; Auto               ; Auto               ;
; Allow Shift Register Merging across Hierarchies                                 ; Auto               ; Auto               ;
; Auto Clock Enable Replacement                                                   ; On                 ; On                 ;
; Strict RAM Replacement                                                          ; Off                ; Off                ;
; Allow Synchronous Control Signals                                               ; On                 ; On                 ;
; Force Use of Synchronous Clear Signals                                          ; Off                ; Off                ;
; Auto Resource Sharing                                                           ; Off                ; Off                ;
; Allow Any RAM Size For Recognition                                              ; Off                ; Off                ;
; Allow Any ROM Size For Recognition                                              ; Off                ; Off                ;
; Allow Any Shift Register Size For Recognition                                   ; Off                ; Off                ;
; Use LogicLock Constraints during Resource Balancing                             ; On                 ; On                 ;
; Ignore translate_off and synthesis_off directives                               ; Off                ; Off                ;
; Timing-Driven Synthesis                                                         ; On                 ; On                 ;
; Report Parameter Settings                                                       ; On                 ; On                 ;
; Report Source Assignments                                                       ; On                 ; On                 ;
; Report Connectivity Checks                                                      ; On                 ; On                 ;
; Ignore Maximum Fan-Out Assignments                                              ; Off                ; Off                ;
; Synchronization Register Chain Length                                           ; 3                  ; 3                  ;
; Power Optimization During Synthesis                                             ; Normal compilation ; Normal compilation ;
; HDL message level                                                               ; Level2             ; Level2             ;
; Suppress Register Optimization Related Messages                                 ; Off                ; Off                ;
; Number of Removed Registers Reported in Synthesis Report                        ; 5000               ; 5000               ;
; Number of Swept Nodes Reported in Synthesis Report                              ; 5000               ; 5000               ;
; Number of Inverted Registers Reported in Synthesis Report                       ; 100                ; 100                ;
; Clock MUX Protection                                                            ; On                 ; On                 ;
; Auto Gated Clock Conversion                                                     ; Off                ; Off                ;
; Block Design Naming                                                             ; Auto               ; Auto               ;
; SDC constraint protection                                                       ; Off                ; Off                ;
; Synthesis Effort                                                                ; Auto               ; Auto               ;
; Shift Register Replacement - Allow Asynchronous Clear Signal                    ; On                 ; On                 ;
; Pre-Mapping Resynthesis Optimization                                            ; Off                ; Off                ;
; Analysis & Synthesis Message Level                                              ; Medium             ; Medium             ;
; Disable Register Merging Across Hierarchies                                     ; Auto               ; Auto               ;
; Resource Aware Inference For Block RAM                                          ; On                 ; On                 ;
; Automatic Parallel Synthesis                                                    ; On                 ; On                 ;
; Partial Reconfiguration Bitstream ID                                            ; Off                ; Off                ;
+---------------------------------------------------------------------------------+--------------------+--------------------+


+------------------------------------------+
; Parallel Compilation                     ;
+----------------------------+-------------+
; Processors                 ; Number      ;
+----------------------------+-------------+
; Number detected on machine ; 4           ;
; Maximum allowed            ; 2           ;
;                            ;             ;
; Average used               ; 1.00        ;
; Maximum used               ; 2           ;
;                            ;             ;
; Usage by Processor         ; % Time Used ;
;     Processor 1            ; 100.0%      ;
;     Processor 2            ;   0.0%      ;
+----------------------------+-------------+


+---------------------------------------------------------------------------------------------------------------------------------------------------------------------------------------------------------------------------------+
; Analysis & Synthesis Source Files Read                                                                                                                                                                                          ;
+-------------------------------------------------------------------+-----------------+------------------------------+----------------------------------------------------------------------------------------------+-------------+
; File Name with User-Entered Path                                  ; Used in Netlist ; File Type                    ; File Name with Absolute Path                                                                 ; Library     ;
+-------------------------------------------------------------------+-----------------+------------------------------+----------------------------------------------------------------------------------------------+-------------+
; ../src/vtc.sv                                                     ; yes             ; User SystemVerilog HDL File  ; C:/Users/elena/Documents/quartus_workspace/em_project/src/vtc.sv                             ;             ;
; ../src/reset.sv                                                   ; yes             ; User SystemVerilog HDL File  ; C:/Users/elena/Documents/quartus_workspace/em_project/src/reset.sv                           ;             ;
; ../src/pixel_gen.sv                                               ; yes             ; User SystemVerilog HDL File  ; C:/Users/elena/Documents/quartus_workspace/em_project/src/pixel_gen.sv                       ;             ;
; ../src/em_project.sv                                              ; yes             ; User SystemVerilog HDL File  ; C:/Users/elena/Documents/quartus_workspace/em_project/src/em_project.sv                      ;             ;
; refresh_pll.v                                                     ; yes             ; User Wizard-Generated File   ; C:/Users/elena/Documents/quartus_workspace/em_project/quartus/refresh_pll.v                  ; refresh_pll ;
; refresh_pll/refresh_pll_0002.v                                    ; yes             ; User Verilog HDL File        ; C:/Users/elena/Documents/quartus_workspace/em_project/quartus/refresh_pll/refresh_pll_0002.v ; refresh_pll ;
; /users/elena/documents/quartus_workspace/em_project/src/params.vh ; yes             ; Auto-Found Unspecified File  ; /users/elena/documents/quartus_workspace/em_project/src/params.vh                            ;             ;
; altera_pll.v                                                      ; yes             ; Megafunction                 ; c:/intelfpga/20.1/quartus/libraries/megafunctions/altera_pll.v                               ;             ;
+-------------------------------------------------------------------+-----------------+------------------------------+----------------------------------------------------------------------------------------------+-------------+


+----------------------------------------------------------------------------------------------------------------------------------------------------+
; Analysis & Synthesis Resource Usage Summary                                                                                                        ;
+---------------------------------------------+------------------------------------------------------------------------------------------------------+
; Resource                                    ; Usage                                                                                                ;
+---------------------------------------------+------------------------------------------------------------------------------------------------------+
; Estimate of Logic utilization (ALMs needed) ; 43                                                                                                   ;
;                                             ;                                                                                                      ;
; Combinational ALUT usage for logic          ; 73                                                                                                   ;
;     -- 7 input functions                    ; 0                                                                                                    ;
;     -- 6 input functions                    ; 11                                                                                                   ;
;     -- 5 input functions                    ; 19                                                                                                   ;
;     -- 4 input functions                    ; 8                                                                                                    ;
;     -- <=3 input functions                  ; 35                                                                                                   ;
;                                             ;                                                                                                      ;
; Dedicated logic registers                   ; 34                                                                                                   ;
;                                             ;                                                                                                      ;
; I/O pins                                    ; 54                                                                                                   ;
;                                             ;                                                                                                      ;
; Total DSP Blocks                            ; 0                                                                                                    ;
;                                             ;                                                                                                      ;
; Total PLLs                                  ; 1                                                                                                    ;
;     -- PLLs                                 ; 1                                                                                                    ;
;                                             ;                                                                                                      ;
; Maximum fan-out node                        ; refresh_pll:REFRESH_PLL_CLK|refresh_pll_0002:refresh_pll_inst|altera_pll:altera_pll_i|outclk_wire[0] ;
; Maximum fan-out                             ; 37                                                                                                   ;
; Total fan-out                               ; 477                                                                                                  ;
; Average fan-out                             ; 2.21                                                                                                 ;
+---------------------------------------------+------------------------------------------------------------------------------------------------------+


+------------------------------------------------------------------------------------------------------------------------------------------------------------------------------------------------------------------------------------------------------------------------------------------+
; Analysis & Synthesis Resource Utilization by Entity                                                                                                                                                                                                                                      ;
+-------------------------------------------+---------------------+---------------------------+-------------------+------------+------+--------------+---------------------------------------------------------------------------------------------------+------------------+--------------+
; Compilation Hierarchy Node                ; Combinational ALUTs ; Dedicated Logic Registers ; Block Memory Bits ; DSP Blocks ; Pins ; Virtual Pins ; Full Hierarchy Name                                                                               ; Entity Name      ; Library Name ;
+-------------------------------------------+---------------------+---------------------------+-------------------+------------+------+--------------+---------------------------------------------------------------------------------------------------+------------------+--------------+
; |em_project                               ; 73 (1)              ; 34 (0)                    ; 0                 ; 0          ; 54   ; 0            ; |em_project                                                                                       ; em_project       ; work         ;
;    |pixel_gen:PIXEL_GEN|                  ; 14 (14)             ; 3 (3)                     ; 0                 ; 0          ; 0    ; 0            ; |em_project|pixel_gen:PIXEL_GEN                                                                   ; pixel_gen        ; work         ;
;    |refresh_pll:REFRESH_PLL_CLK|          ; 0 (0)               ; 0 (0)                     ; 0                 ; 0          ; 0    ; 0            ; |em_project|refresh_pll:REFRESH_PLL_CLK                                                           ; refresh_pll      ; refresh_pll  ;
;       |refresh_pll_0002:refresh_pll_inst| ; 0 (0)               ; 0 (0)                     ; 0                 ; 0          ; 0    ; 0            ; |em_project|refresh_pll:REFRESH_PLL_CLK|refresh_pll_0002:refresh_pll_inst                         ; refresh_pll_0002 ; refresh_pll  ;
;          |altera_pll:altera_pll_i|        ; 0 (0)               ; 0 (0)                     ; 0                 ; 0          ; 0    ; 0            ; |em_project|refresh_pll:REFRESH_PLL_CLK|refresh_pll_0002:refresh_pll_inst|altera_pll:altera_pll_i ; altera_pll       ; work         ;
;    |reset:RESET|                          ; 0 (0)               ; 3 (3)                     ; 0                 ; 0          ; 0    ; 0            ; |em_project|reset:RESET                                                                           ; reset            ; work         ;
;    |vtc:VGA_VTC|                          ; 58 (58)             ; 28 (28)                   ; 0                 ; 0          ; 0    ; 0            ; |em_project|vtc:VGA_VTC                                                                           ; vtc              ; work         ;
+-------------------------------------------+---------------------+---------------------------+-------------------+------------+------+--------------+---------------------------------------------------------------------------------------------------+------------------+--------------+
Note: For table entries with two numbers listed, the numbers in parentheses indicate the number of resources of the given type used by the specific entity alone. The numbers listed outside of parentheses indicate the total resources of the given type used by the specific entity and all of its sub-entities in the hierarchy.


+---------------------------------------------------------------------------------------------------------------------------+
; Analysis & Synthesis IP Cores Summary                                                                                     ;
+--------+--------------+---------+--------------+--------------+-----------------------------------------+-----------------+
; Vendor ; IP Core Name ; Version ; Release Date ; License Type ; Entity Instance                         ; IP Include File ;
+--------+--------------+---------+--------------+--------------+-----------------------------------------+-----------------+
; Altera ; altera_pll   ; 20.1    ; N/A          ; N/A          ; |em_project|refresh_pll:REFRESH_PLL_CLK ; refresh_pll.v   ;
+--------+--------------+---------+--------------+--------------+-----------------------------------------+-----------------+


+----------------------------------------------------------------------------------------------+
; Registers Removed During Synthesis                                                           ;
+----------------------------------------------+-----------------------------------------------+
; Register name                                ; Reason for Removal                            ;
+----------------------------------------------+-----------------------------------------------+
; pixel_gen:PIXEL_GEN|color_hex[0..3,8,10,12]  ; Stuck at GND due to stuck port data_in        ;
; pixel_gen:PIXEL_GEN|color_hex[4,6,7,9,14,15] ; Merged with pixel_gen:PIXEL_GEN|color_hex[11] ;
; pixel_gen:PIXEL_GEN|color_hex[5,20..23]      ; Merged with pixel_gen:PIXEL_GEN|color_hex[17] ;
; pixel_gen:PIXEL_GEN|color_hex[16,18,19]      ; Merged with pixel_gen:PIXEL_GEN|color_hex[13] ;
; Total Number of Removed Registers = 21       ;                                               ;
+----------------------------------------------+-----------------------------------------------+


+------------------------------------------------------+
; General Register Statistics                          ;
+----------------------------------------------+-------+
; Statistic                                    ; Value ;
+----------------------------------------------+-------+
; Total registers                              ; 34    ;
; Number of registers using Synchronous Clear  ; 12    ;
; Number of registers using Synchronous Load   ; 0     ;
; Number of registers using Asynchronous Clear ; 34    ;
; Number of registers using Asynchronous Load  ; 0     ;
; Number of registers using Clock Enable       ; 12    ;
; Number of registers using Preset             ; 0     ;
+----------------------------------------------+-------+


+--------------------------------------------------+
; Inverted Register Statistics                     ;
+----------------------------------------+---------+
; Inverted Register                      ; Fan out ;
+----------------------------------------+---------+
; vtc:VGA_VTC|video_on_h                 ; 4       ;
; vtc:VGA_VTC|video_on_v                 ; 4       ;
; Total number of inverted registers = 2 ;         ;
+----------------------------------------+---------+


+-------------------------------------------------------------------------------------------------------------------------------------------------+
; Multiplexer Restructuring Statistics (Restructuring Performed)                                                                                  ;
+--------------------+-----------+---------------+----------------------+------------------------+------------+-----------------------------------+
; Multiplexer Inputs ; Bus Width ; Baseline Area ; Area if Restructured ; Saving if Restructured ; Registered ; Example Multiplexer Output        ;
+--------------------+-----------+---------------+----------------------+------------------------+------------+-----------------------------------+
; 3:1                ; 12 bits   ; 24 LEs        ; 0 LEs                ; 24 LEs                 ; Yes        ; |em_project|vtc:VGA_VTC|l_ctr[11] ;
+--------------------+-----------+---------------+----------------------+------------------------+------------+-----------------------------------+


+------------------------------------------------------------------------------------------------------------------------------------+
; Parameter Settings for User Entity Instance: refresh_pll:REFRESH_PLL_CLK|refresh_pll_0002:refresh_pll_inst|altera_pll:altera_pll_i ;
+--------------------------------------+------------------------+--------------------------------------------------------------------+
; Parameter Name                       ; Value                  ; Type                                                               ;
+--------------------------------------+------------------------+--------------------------------------------------------------------+
; reference_clock_frequency            ; 50.0 MHz               ; String                                                             ;
; fractional_vco_multiplier            ; false                  ; String                                                             ;
; pll_type                             ; General                ; String                                                             ;
; pll_subtype                          ; General                ; String                                                             ;
; number_of_clocks                     ; 1                      ; Signed Integer                                                     ;
; operation_mode                       ; direct                 ; String                                                             ;
; deserialization_factor               ; 4                      ; Signed Integer                                                     ;
; data_rate                            ; 0                      ; Signed Integer                                                     ;
; sim_additional_refclk_cycles_to_lock ; 0                      ; Signed Integer                                                     ;
; output_clock_frequency0              ; 74.242424 MHz          ; String                                                             ;
; phase_shift0                         ; 0 ps                   ; String                                                             ;
; duty_cycle0                          ; 50                     ; Signed Integer                                                     ;
; output_clock_frequency1              ; 0 MHz                  ; String                                                             ;
; phase_shift1                         ; 0 ps                   ; String                                                             ;
; duty_cycle1                          ; 50                     ; Signed Integer                                                     ;
; output_clock_frequency2              ; 0 MHz                  ; String                                                             ;
; phase_shift2                         ; 0 ps                   ; String                                                             ;
; duty_cycle2                          ; 50                     ; Signed Integer                                                     ;
; output_clock_frequency3              ; 0 MHz                  ; String                                                             ;
; phase_shift3                         ; 0 ps                   ; String                                                             ;
; duty_cycle3                          ; 50                     ; Signed Integer                                                     ;
; output_clock_frequency4              ; 0 MHz                  ; String                                                             ;
; phase_shift4                         ; 0 ps                   ; String                                                             ;
; duty_cycle4                          ; 50                     ; Signed Integer                                                     ;
; output_clock_frequency5              ; 0 MHz                  ; String                                                             ;
; phase_shift5                         ; 0 ps                   ; String                                                             ;
; duty_cycle5                          ; 50                     ; Signed Integer                                                     ;
; output_clock_frequency6              ; 0 MHz                  ; String                                                             ;
; phase_shift6                         ; 0 ps                   ; String                                                             ;
; duty_cycle6                          ; 50                     ; Signed Integer                                                     ;
; output_clock_frequency7              ; 0 MHz                  ; String                                                             ;
; phase_shift7                         ; 0 ps                   ; String                                                             ;
; duty_cycle7                          ; 50                     ; Signed Integer                                                     ;
; output_clock_frequency8              ; 0 MHz                  ; String                                                             ;
; phase_shift8                         ; 0 ps                   ; String                                                             ;
; duty_cycle8                          ; 50                     ; Signed Integer                                                     ;
; output_clock_frequency9              ; 0 MHz                  ; String                                                             ;
; phase_shift9                         ; 0 ps                   ; String                                                             ;
; duty_cycle9                          ; 50                     ; Signed Integer                                                     ;
; output_clock_frequency10             ; 0 MHz                  ; String                                                             ;
; phase_shift10                        ; 0 ps                   ; String                                                             ;
; duty_cycle10                         ; 50                     ; Signed Integer                                                     ;
; output_clock_frequency11             ; 0 MHz                  ; String                                                             ;
; phase_shift11                        ; 0 ps                   ; String                                                             ;
; duty_cycle11                         ; 50                     ; Signed Integer                                                     ;
; output_clock_frequency12             ; 0 MHz                  ; String                                                             ;
; phase_shift12                        ; 0 ps                   ; String                                                             ;
; duty_cycle12                         ; 50                     ; Signed Integer                                                     ;
; output_clock_frequency13             ; 0 MHz                  ; String                                                             ;
; phase_shift13                        ; 0 ps                   ; String                                                             ;
; duty_cycle13                         ; 50                     ; Signed Integer                                                     ;
; output_clock_frequency14             ; 0 MHz                  ; String                                                             ;
; phase_shift14                        ; 0 ps                   ; String                                                             ;
; duty_cycle14                         ; 50                     ; Signed Integer                                                     ;
; output_clock_frequency15             ; 0 MHz                  ; String                                                             ;
; phase_shift15                        ; 0 ps                   ; String                                                             ;
; duty_cycle15                         ; 50                     ; Signed Integer                                                     ;
; output_clock_frequency16             ; 0 MHz                  ; String                                                             ;
; phase_shift16                        ; 0 ps                   ; String                                                             ;
; duty_cycle16                         ; 50                     ; Signed Integer                                                     ;
; output_clock_frequency17             ; 0 MHz                  ; String                                                             ;
; phase_shift17                        ; 0 ps                   ; String                                                             ;
; duty_cycle17                         ; 50                     ; Signed Integer                                                     ;
; clock_name_0                         ;                        ; String                                                             ;
; clock_name_1                         ;                        ; String                                                             ;
; clock_name_2                         ;                        ; String                                                             ;
; clock_name_3                         ;                        ; String                                                             ;
; clock_name_4                         ;                        ; String                                                             ;
; clock_name_5                         ;                        ; String                                                             ;
; clock_name_6                         ;                        ; String                                                             ;
; clock_name_7                         ;                        ; String                                                             ;
; clock_name_8                         ;                        ; String                                                             ;
; clock_name_global_0                  ; false                  ; String                                                             ;
; clock_name_global_1                  ; false                  ; String                                                             ;
; clock_name_global_2                  ; false                  ; String                                                             ;
; clock_name_global_3                  ; false                  ; String                                                             ;
; clock_name_global_4                  ; false                  ; String                                                             ;
; clock_name_global_5                  ; false                  ; String                                                             ;
; clock_name_global_6                  ; false                  ; String                                                             ;
; clock_name_global_7                  ; false                  ; String                                                             ;
; clock_name_global_8                  ; false                  ; String                                                             ;
; m_cnt_hi_div                         ; 1                      ; Signed Integer                                                     ;
; m_cnt_lo_div                         ; 1                      ; Signed Integer                                                     ;
; m_cnt_bypass_en                      ; false                  ; String                                                             ;
; m_cnt_odd_div_duty_en                ; false                  ; String                                                             ;
; n_cnt_hi_div                         ; 1                      ; Signed Integer                                                     ;
; n_cnt_lo_div                         ; 1                      ; Signed Integer                                                     ;
; n_cnt_bypass_en                      ; false                  ; String                                                             ;
; n_cnt_odd_div_duty_en                ; false                  ; String                                                             ;
; c_cnt_hi_div0                        ; 1                      ; Signed Integer                                                     ;
; c_cnt_lo_div0                        ; 1                      ; Signed Integer                                                     ;
; c_cnt_bypass_en0                     ; false                  ; String                                                             ;
; c_cnt_in_src0                        ; ph_mux_clk             ; String                                                             ;
; c_cnt_odd_div_duty_en0               ; false                  ; String                                                             ;
; c_cnt_prst0                          ; 1                      ; Signed Integer                                                     ;
; c_cnt_ph_mux_prst0                   ; 0                      ; Signed Integer                                                     ;
; c_cnt_hi_div1                        ; 1                      ; Signed Integer                                                     ;
; c_cnt_lo_div1                        ; 1                      ; Signed Integer                                                     ;
; c_cnt_bypass_en1                     ; false                  ; String                                                             ;
; c_cnt_in_src1                        ; ph_mux_clk             ; String                                                             ;
; c_cnt_odd_div_duty_en1               ; false                  ; String                                                             ;
; c_cnt_prst1                          ; 1                      ; Signed Integer                                                     ;
; c_cnt_ph_mux_prst1                   ; 0                      ; Signed Integer                                                     ;
; c_cnt_hi_div2                        ; 1                      ; Signed Integer                                                     ;
; c_cnt_lo_div2                        ; 1                      ; Signed Integer                                                     ;
; c_cnt_bypass_en2                     ; false                  ; String                                                             ;
; c_cnt_in_src2                        ; ph_mux_clk             ; String                                                             ;
; c_cnt_odd_div_duty_en2               ; false                  ; String                                                             ;
; c_cnt_prst2                          ; 1                      ; Signed Integer                                                     ;
; c_cnt_ph_mux_prst2                   ; 0                      ; Signed Integer                                                     ;
; c_cnt_hi_div3                        ; 1                      ; Signed Integer                                                     ;
; c_cnt_lo_div3                        ; 1                      ; Signed Integer                                                     ;
; c_cnt_bypass_en3                     ; false                  ; String                                                             ;
; c_cnt_in_src3                        ; ph_mux_clk             ; String                                                             ;
; c_cnt_odd_div_duty_en3               ; false                  ; String                                                             ;
; c_cnt_prst3                          ; 1                      ; Signed Integer                                                     ;
; c_cnt_ph_mux_prst3                   ; 0                      ; Signed Integer                                                     ;
; c_cnt_hi_div4                        ; 1                      ; Signed Integer                                                     ;
; c_cnt_lo_div4                        ; 1                      ; Signed Integer                                                     ;
; c_cnt_bypass_en4                     ; false                  ; String                                                             ;
; c_cnt_in_src4                        ; ph_mux_clk             ; String                                                             ;
; c_cnt_odd_div_duty_en4               ; false                  ; String                                                             ;
; c_cnt_prst4                          ; 1                      ; Signed Integer                                                     ;
; c_cnt_ph_mux_prst4                   ; 0                      ; Signed Integer                                                     ;
; c_cnt_hi_div5                        ; 1                      ; Signed Integer                                                     ;
; c_cnt_lo_div5                        ; 1                      ; Signed Integer                                                     ;
; c_cnt_bypass_en5                     ; false                  ; String                                                             ;
; c_cnt_in_src5                        ; ph_mux_clk             ; String                                                             ;
; c_cnt_odd_div_duty_en5               ; false                  ; String                                                             ;
; c_cnt_prst5                          ; 1                      ; Signed Integer                                                     ;
; c_cnt_ph_mux_prst5                   ; 0                      ; Signed Integer                                                     ;
; c_cnt_hi_div6                        ; 1                      ; Signed Integer                                                     ;
; c_cnt_lo_div6                        ; 1                      ; Signed Integer                                                     ;
; c_cnt_bypass_en6                     ; false                  ; String                                                             ;
; c_cnt_in_src6                        ; ph_mux_clk             ; String                                                             ;
; c_cnt_odd_div_duty_en6               ; false                  ; String                                                             ;
; c_cnt_prst6                          ; 1                      ; Signed Integer                                                     ;
; c_cnt_ph_mux_prst6                   ; 0                      ; Signed Integer                                                     ;
; c_cnt_hi_div7                        ; 1                      ; Signed Integer                                                     ;
; c_cnt_lo_div7                        ; 1                      ; Signed Integer                                                     ;
; c_cnt_bypass_en7                     ; false                  ; String                                                             ;
; c_cnt_in_src7                        ; ph_mux_clk             ; String                                                             ;
; c_cnt_odd_div_duty_en7               ; false                  ; String                                                             ;
; c_cnt_prst7                          ; 1                      ; Signed Integer                                                     ;
; c_cnt_ph_mux_prst7                   ; 0                      ; Signed Integer                                                     ;
; c_cnt_hi_div8                        ; 1                      ; Signed Integer                                                     ;
; c_cnt_lo_div8                        ; 1                      ; Signed Integer                                                     ;
; c_cnt_bypass_en8                     ; false                  ; String                                                             ;
; c_cnt_in_src8                        ; ph_mux_clk             ; String                                                             ;
; c_cnt_odd_div_duty_en8               ; false                  ; String                                                             ;
; c_cnt_prst8                          ; 1                      ; Signed Integer                                                     ;
; c_cnt_ph_mux_prst8                   ; 0                      ; Signed Integer                                                     ;
; c_cnt_hi_div9                        ; 1                      ; Signed Integer                                                     ;
; c_cnt_lo_div9                        ; 1                      ; Signed Integer                                                     ;
; c_cnt_bypass_en9                     ; false                  ; String                                                             ;
; c_cnt_in_src9                        ; ph_mux_clk             ; String                                                             ;
; c_cnt_odd_div_duty_en9               ; false                  ; String                                                             ;
; c_cnt_prst9                          ; 1                      ; Signed Integer                                                     ;
; c_cnt_ph_mux_prst9                   ; 0                      ; Signed Integer                                                     ;
; c_cnt_hi_div10                       ; 1                      ; Signed Integer                                                     ;
; c_cnt_lo_div10                       ; 1                      ; Signed Integer                                                     ;
; c_cnt_bypass_en10                    ; false                  ; String                                                             ;
; c_cnt_in_src10                       ; ph_mux_clk             ; String                                                             ;
; c_cnt_odd_div_duty_en10              ; false                  ; String                                                             ;
; c_cnt_prst10                         ; 1                      ; Signed Integer                                                     ;
; c_cnt_ph_mux_prst10                  ; 0                      ; Signed Integer                                                     ;
; c_cnt_hi_div11                       ; 1                      ; Signed Integer                                                     ;
; c_cnt_lo_div11                       ; 1                      ; Signed Integer                                                     ;
; c_cnt_bypass_en11                    ; false                  ; String                                                             ;
; c_cnt_in_src11                       ; ph_mux_clk             ; String                                                             ;
; c_cnt_odd_div_duty_en11              ; false                  ; String                                                             ;
; c_cnt_prst11                         ; 1                      ; Signed Integer                                                     ;
; c_cnt_ph_mux_prst11                  ; 0                      ; Signed Integer                                                     ;
; c_cnt_hi_div12                       ; 1                      ; Signed Integer                                                     ;
; c_cnt_lo_div12                       ; 1                      ; Signed Integer                                                     ;
; c_cnt_bypass_en12                    ; false                  ; String                                                             ;
; c_cnt_in_src12                       ; ph_mux_clk             ; String                                                             ;
; c_cnt_odd_div_duty_en12              ; false                  ; String                                                             ;
; c_cnt_prst12                         ; 1                      ; Signed Integer                                                     ;
; c_cnt_ph_mux_prst12                  ; 0                      ; Signed Integer                                                     ;
; c_cnt_hi_div13                       ; 1                      ; Signed Integer                                                     ;
; c_cnt_lo_div13                       ; 1                      ; Signed Integer                                                     ;
; c_cnt_bypass_en13                    ; false                  ; String                                                             ;
; c_cnt_in_src13                       ; ph_mux_clk             ; String                                                             ;
; c_cnt_odd_div_duty_en13              ; false                  ; String                                                             ;
; c_cnt_prst13                         ; 1                      ; Signed Integer                                                     ;
; c_cnt_ph_mux_prst13                  ; 0                      ; Signed Integer                                                     ;
; c_cnt_hi_div14                       ; 1                      ; Signed Integer                                                     ;
; c_cnt_lo_div14                       ; 1                      ; Signed Integer                                                     ;
; c_cnt_bypass_en14                    ; false                  ; String                                                             ;
; c_cnt_in_src14                       ; ph_mux_clk             ; String                                                             ;
; c_cnt_odd_div_duty_en14              ; false                  ; String                                                             ;
; c_cnt_prst14                         ; 1                      ; Signed Integer                                                     ;
; c_cnt_ph_mux_prst14                  ; 0                      ; Signed Integer                                                     ;
; c_cnt_hi_div15                       ; 1                      ; Signed Integer                                                     ;
; c_cnt_lo_div15                       ; 1                      ; Signed Integer                                                     ;
; c_cnt_bypass_en15                    ; false                  ; String                                                             ;
; c_cnt_in_src15                       ; ph_mux_clk             ; String                                                             ;
; c_cnt_odd_div_duty_en15              ; false                  ; String                                                             ;
; c_cnt_prst15                         ; 1                      ; Signed Integer                                                     ;
; c_cnt_ph_mux_prst15                  ; 0                      ; Signed Integer                                                     ;
; c_cnt_hi_div16                       ; 1                      ; Signed Integer                                                     ;
; c_cnt_lo_div16                       ; 1                      ; Signed Integer                                                     ;
; c_cnt_bypass_en16                    ; false                  ; String                                                             ;
; c_cnt_in_src16                       ; ph_mux_clk             ; String                                                             ;
; c_cnt_odd_div_duty_en16              ; false                  ; String                                                             ;
; c_cnt_prst16                         ; 1                      ; Signed Integer                                                     ;
; c_cnt_ph_mux_prst16                  ; 0                      ; Signed Integer                                                     ;
; c_cnt_hi_div17                       ; 1                      ; Signed Integer                                                     ;
; c_cnt_lo_div17                       ; 1                      ; Signed Integer                                                     ;
; c_cnt_bypass_en17                    ; false                  ; String                                                             ;
; c_cnt_in_src17                       ; ph_mux_clk             ; String                                                             ;
; c_cnt_odd_div_duty_en17              ; false                  ; String                                                             ;
; c_cnt_prst17                         ; 1                      ; Signed Integer                                                     ;
; c_cnt_ph_mux_prst17                  ; 0                      ; Signed Integer                                                     ;
; pll_vco_div                          ; 1                      ; Signed Integer                                                     ;
; pll_slf_rst                          ; false                  ; String                                                             ;
; pll_bw_sel                           ; low                    ; String                                                             ;
; pll_output_clk_frequency             ; 0 MHz                  ; String                                                             ;
; pll_cp_current                       ; 0                      ; Signed Integer                                                     ;
; pll_bwctrl                           ; 0                      ; Signed Integer                                                     ;
; pll_fractional_division              ; 1                      ; Signed Integer                                                     ;
; pll_fractional_cout                  ; 24                     ; Signed Integer                                                     ;
; pll_dsm_out_sel                      ; 1st_order              ; String                                                             ;
; mimic_fbclk_type                     ; gclk                   ; String                                                             ;
; pll_fbclk_mux_1                      ; glb                    ; String                                                             ;
; pll_fbclk_mux_2                      ; fb_1                   ; String                                                             ;
; pll_m_cnt_in_src                     ; ph_mux_clk             ; String                                                             ;
; pll_vcoph_div                        ; 1                      ; Signed Integer                                                     ;
; refclk1_frequency                    ; 0 MHz                  ; String                                                             ;
; pll_clkin_0_src                      ; clk_0                  ; String                                                             ;
; pll_clkin_1_src                      ; clk_0                  ; String                                                             ;
; pll_clk_loss_sw_en                   ; false                  ; String                                                             ;
; pll_auto_clk_sw_en                   ; false                  ; String                                                             ;
; pll_manu_clk_sw_en                   ; false                  ; String                                                             ;
; pll_clk_sw_dly                       ; 0                      ; Signed Integer                                                     ;
; pll_extclk_0_cnt_src                 ; pll_extclk_cnt_src_vss ; String                                                             ;
; pll_extclk_1_cnt_src                 ; pll_extclk_cnt_src_vss ; String                                                             ;
+--------------------------------------+------------------------+--------------------------------------------------------------------+
Note: In order to hide this table in the UI and the text report file, please set the "Show Parameter Settings in Synthesis Report" option in "Analysis and Synthesis Settings -> More Settings" to "Off".


+-------------------------------------------------------------+
; Parameter Settings for User Entity Instance: vtc:VGA_VTC    ;
+----------------+--------------------------+-----------------+
; Parameter Name ; Value                    ; Type            ;
+----------------+--------------------------+-----------------+
; PIXEL_CTR_W    ; 11                       ; Signed Integer  ;
; LINE_CTR_W     ; 11                       ; Signed Integer  ;
; H_F_PORCH      ; 1279                     ; Signed Integer  ;
; H_S_PULSE      ; 1389                     ; Signed Integer  ;
; H_B_PORCH      ; 1429                     ; Signed Integer  ;
; H_MAX_PIXEL    ; 1649                     ; Signed Integer  ;
; V_F_PORCH      ; 719                      ; Signed Integer  ;
; V_S_PULSE      ; 724                      ; Signed Integer  ;
; V_B_PORCH      ; 729                      ; Signed Integer  ;
; V_MAX_LINE     ; 750                      ; Signed Integer  ;
; B1_L_EDGE      ; 100                      ; Signed Integer  ;
; B1_WIDTH       ; 50                       ; Signed Integer  ;
; B1_R_EDGE      ; 150                      ; Signed Integer  ;
; B1_T_EDGE      ; 100                      ; Signed Integer  ;
; B1_HEIGHT      ; 50                       ; Signed Integer  ;
; B1_B_EDGE      ; 150                      ; Signed Integer  ;
; B1_DEF_COLOR   ; 000011011110101011010000 ; Unsigned Binary ;
; B1_ALT_COLOR   ; 111111110010000000100000 ; Unsigned Binary ;
; OFF_COLOR      ; 000000000000000000000000 ; Unsigned Binary ;
; MIN_RGB        ; 0                        ; Signed Integer  ;
; MAX_RGB        ; 255                      ; Signed Integer  ;
+----------------+--------------------------+-----------------+
Note: In order to hide this table in the UI and the text report file, please set the "Show Parameter Settings in Synthesis Report" option in "Analysis and Synthesis Settings -> More Settings" to "Off".


+------------------------------------------------------------------+
; Parameter Settings for User Entity Instance: pixel_gen:PIXEL_GEN ;
+----------------+--------------------------+----------------------+
; Parameter Name ; Value                    ; Type                 ;
+----------------+--------------------------+----------------------+
; PIXEL_CTR_W    ; 11                       ; Signed Integer       ;
; LINE_CTR_W     ; 11                       ; Signed Integer       ;
; H_F_PORCH      ; 1279                     ; Signed Integer       ;
; H_S_PULSE      ; 1389                     ; Signed Integer       ;
; H_B_PORCH      ; 1429                     ; Signed Integer       ;
; H_MAX_PIXEL    ; 1649                     ; Signed Integer       ;
; V_F_PORCH      ; 719                      ; Signed Integer       ;
; V_S_PULSE      ; 724                      ; Signed Integer       ;
; V_B_PORCH      ; 729                      ; Signed Integer       ;
; V_MAX_LINE     ; 750                      ; Signed Integer       ;
; B1_L_EDGE      ; 100                      ; Signed Integer       ;
; B1_WIDTH       ; 50                       ; Signed Integer       ;
; B1_R_EDGE      ; 150                      ; Signed Integer       ;
; B1_T_EDGE      ; 100                      ; Signed Integer       ;
; B1_HEIGHT      ; 50                       ; Signed Integer       ;
; B1_B_EDGE      ; 150                      ; Signed Integer       ;
; B1_DEF_COLOR   ; 000011011110101011010000 ; Unsigned Binary      ;
; B1_ALT_COLOR   ; 111111110010000000100000 ; Unsigned Binary      ;
; OFF_COLOR      ; 000000000000000000000000 ; Unsigned Binary      ;
; MIN_RGB        ; 0                        ; Signed Integer       ;
; MAX_RGB        ; 255                      ; Signed Integer       ;
+----------------+--------------------------+----------------------+
Note: In order to hide this table in the UI and the text report file, please set the "Show Parameter Settings in Synthesis Report" option in "Analysis and Synthesis Settings -> More Settings" to "Off".


+---------------------------------------------------------+
; Port Connectivity Checks: "refresh_pll:REFRESH_PLL_CLK" ;
+------+-------+----------+-------------------------------+
; Port ; Type  ; Severity ; Details                       ;
+------+-------+----------+-------------------------------+
; rst  ; Input ; Info     ; Stuck at GND                  ;
+------+-------+----------+-------------------------------+


+-----------------------------------------+
; Port Connectivity Checks: "reset:RESET" ;
+------+-------+----------+---------------+
; Port ; Type  ; Severity ; Details       ;
+------+-------+----------+---------------+
; lock ; Input ; Info     ; Stuck at VCC  ;
+------+-------+----------+---------------+


+-----------------------------------------------------+
; Post-Synthesis Netlist Statistics for Top Partition ;
+-----------------------+-----------------------------+
; Type                  ; Count                       ;
+-----------------------+-----------------------------+
; arriav_ff             ; 34                          ;
;     CLR               ; 22                          ;
;     ENA CLR SCLR      ; 12                          ;
; arriav_lcell_comb     ; 76                          ;
;     arith             ; 24                          ;
;         1 data inputs ; 24                          ;
;     normal            ; 52                          ;
;         0 data inputs ; 2                           ;
;         1 data inputs ; 1                           ;
;         2 data inputs ; 2                           ;
;         3 data inputs ; 9                           ;
;         4 data inputs ; 8                           ;
;         5 data inputs ; 19                          ;
;         6 data inputs ; 11                          ;
; boundary_port         ; 54                          ;
; generic_pll           ; 1                           ;
;                       ;                             ;
; Max LUT depth         ; 3.10                        ;
; Average LUT depth     ; 2.29                        ;
+-----------------------+-----------------------------+


+-------------------------------+
; Elapsed Time Per Partition    ;
+----------------+--------------+
; Partition Name ; Elapsed Time ;
+----------------+--------------+
; Top            ; 00:00:01     ;
+----------------+--------------+


+-------------------------------+
; Analysis & Synthesis Messages ;
+-------------------------------+
Info: *******************************************************************
Info: Running Quartus Prime Analysis & Synthesis
    Info: Version 20.1.1 Build 720 11/11/2020 SJ Standard Edition
    Info: Processing started: Sat Feb 20 15:22:39 2021
Info: Command: quartus_map --read_settings_files=on --write_settings_files=off em_project -c em_project
Warning (18236): Number of processors has not been specified which may cause overloading on shared machines.  Set the global assignment NUM_PARALLEL_PROCESSORS in your QSF to an appropriate value for best performance.
Info (20030): Parallel compilation is enabled and will use 2 of the 2 processors detected
Info (12021): Found 1 design units, including 1 entities, in source file /users/elena/documents/quartus_workspace/em_project/src/vtc.sv
    Info (12023): Found entity 1: vtc File: C:/Users/elena/Documents/quartus_workspace/em_project/src/vtc.sv Line: 8
Info (12021): Found 1 design units, including 1 entities, in source file /users/elena/documents/quartus_workspace/em_project/src/tb.sv
    Info (12023): Found entity 1: tb File: C:/Users/elena/Documents/quartus_workspace/em_project/src/tb.sv Line: 11
Info (12021): Found 1 design units, including 1 entities, in source file /users/elena/documents/quartus_workspace/em_project/src/reset.sv
    Info (12023): Found entity 1: reset File: C:/Users/elena/Documents/quartus_workspace/em_project/src/reset.sv Line: 9
Info (12021): Found 1 design units, including 1 entities, in source file /users/elena/documents/quartus_workspace/em_project/src/pixel_gen.sv
    Info (12023): Found entity 1: pixel_gen File: C:/Users/elena/Documents/quartus_workspace/em_project/src/pixel_gen.sv Line: 8
Info (12021): Found 1 design units, including 1 entities, in source file /users/elena/documents/quartus_workspace/em_project/src/em_project.sv
    Info (12023): Found entity 1: em_project File: C:/Users/elena/Documents/quartus_workspace/em_project/src/em_project.sv Line: 6
Info (12021): Found 1 design units, including 1 entities, in source file refresh_pll.v
    Info (12023): Found entity 1: refresh_pll File: C:/Users/elena/Documents/quartus_workspace/em_project/quartus/refresh_pll.v Line: 8
Info (12021): Found 1 design units, including 1 entities, in source file refresh_pll/refresh_pll_0002.v
    Info (12023): Found entity 1: refresh_pll_0002 File: C:/Users/elena/Documents/quartus_workspace/em_project/quartus/refresh_pll/refresh_pll_0002.v Line: 2
Info (12127): Elaborating entity "em_project" for the top level hierarchy
Warning (10034): Output port "LEDR[6..3]" at em_project.sv(21) has no driver File: C:/Users/elena/Documents/quartus_workspace/em_project/src/em_project.sv Line: 21
Info (12128): Elaborating entity "reset" for hierarchy "reset:RESET" File: C:/Users/elena/Documents/quartus_workspace/em_project/src/em_project.sv Line: 172
Info (12128): Elaborating entity "refresh_pll" for hierarchy "refresh_pll:REFRESH_PLL_CLK" File: C:/Users/elena/Documents/quartus_workspace/em_project/src/em_project.sv Line: 175
Info (12128): Elaborating entity "refresh_pll_0002" for hierarchy "refresh_pll:REFRESH_PLL_CLK|refresh_pll_0002:refresh_pll_inst" File: C:/Users/elena/Documents/quartus_workspace/em_project/quartus/refresh_pll.v Line: 20
Info (12128): Elaborating entity "altera_pll" for hierarchy "refresh_pll:REFRESH_PLL_CLK|refresh_pll_0002:refresh_pll_inst|altera_pll:altera_pll_i" File: C:/Users/elena/Documents/quartus_workspace/em_project/quartus/refresh_pll/refresh_pll_0002.v Line: 85
Info (10008): Verilog HDL or VHDL information: EDA Netlist Writer cannot regroup multidimensional array "wire_to_nowhere_64" into its bus
Info (12130): Elaborated megafunction instantiation "refresh_pll:REFRESH_PLL_CLK|refresh_pll_0002:refresh_pll_inst|altera_pll:altera_pll_i" File: C:/Users/elena/Documents/quartus_workspace/em_project/quartus/refresh_pll/refresh_pll_0002.v Line: 85
Info (12133): Instantiated megafunction "refresh_pll:REFRESH_PLL_CLK|refresh_pll_0002:refresh_pll_inst|altera_pll:altera_pll_i" with the following parameter: File: C:/Users/elena/Documents/quartus_workspace/em_project/quartus/refresh_pll/refresh_pll_0002.v Line: 85
    Info (12134): Parameter "fractional_vco_multiplier" = "false"
    Info (12134): Parameter "reference_clock_frequency" = "50.0 MHz"
    Info (12134): Parameter "operation_mode" = "direct"
    Info (12134): Parameter "number_of_clocks" = "1"
    Info (12134): Parameter "output_clock_frequency0" = "74.242424 MHz"
    Info (12134): Parameter "phase_shift0" = "0 ps"
    Info (12134): Parameter "duty_cycle0" = "50"
    Info (12134): Parameter "output_clock_frequency1" = "0 MHz"
    Info (12134): Parameter "phase_shift1" = "0 ps"
    Info (12134): Parameter "duty_cycle1" = "50"
    Info (12134): Parameter "output_clock_frequency2" = "0 MHz"
    Info (12134): Parameter "phase_shift2" = "0 ps"
    Info (12134): Parameter "duty_cycle2" = "50"
    Info (12134): Parameter "output_clock_frequency3" = "0 MHz"
    Info (12134): Parameter "phase_shift3" = "0 ps"
    Info (12134): Parameter "duty_cycle3" = "50"
    Info (12134): Parameter "output_clock_frequency4" = "0 MHz"
    Info (12134): Parameter "phase_shift4" = "0 ps"
    Info (12134): Parameter "duty_cycle4" = "50"
    Info (12134): Parameter "output_clock_frequency5" = "0 MHz"
    Info (12134): Parameter "phase_shift5" = "0 ps"
    Info (12134): Parameter "duty_cycle5" = "50"
    Info (12134): Parameter "output_clock_frequency6" = "0 MHz"
    Info (12134): Parameter "phase_shift6" = "0 ps"
    Info (12134): Parameter "duty_cycle6" = "50"
    Info (12134): Parameter "output_clock_frequency7" = "0 MHz"
    Info (12134): Parameter "phase_shift7" = "0 ps"
    Info (12134): Parameter "duty_cycle7" = "50"
    Info (12134): Parameter "output_clock_frequency8" = "0 MHz"
    Info (12134): Parameter "phase_shift8" = "0 ps"
    Info (12134): Parameter "duty_cycle8" = "50"
    Info (12134): Parameter "output_clock_frequency9" = "0 MHz"
    Info (12134): Parameter "phase_shift9" = "0 ps"
    Info (12134): Parameter "duty_cycle9" = "50"
    Info (12134): Parameter "output_clock_frequency10" = "0 MHz"
    Info (12134): Parameter "phase_shift10" = "0 ps"
    Info (12134): Parameter "duty_cycle10" = "50"
    Info (12134): Parameter "output_clock_frequency11" = "0 MHz"
    Info (12134): Parameter "phase_shift11" = "0 ps"
    Info (12134): Parameter "duty_cycle11" = "50"
    Info (12134): Parameter "output_clock_frequency12" = "0 MHz"
    Info (12134): Parameter "phase_shift12" = "0 ps"
    Info (12134): Parameter "duty_cycle12" = "50"
    Info (12134): Parameter "output_clock_frequency13" = "0 MHz"
    Info (12134): Parameter "phase_shift13" = "0 ps"
    Info (12134): Parameter "duty_cycle13" = "50"
    Info (12134): Parameter "output_clock_frequency14" = "0 MHz"
    Info (12134): Parameter "phase_shift14" = "0 ps"
    Info (12134): Parameter "duty_cycle14" = "50"
    Info (12134): Parameter "output_clock_frequency15" = "0 MHz"
    Info (12134): Parameter "phase_shift15" = "0 ps"
    Info (12134): Parameter "duty_cycle15" = "50"
    Info (12134): Parameter "output_clock_frequency16" = "0 MHz"
    Info (12134): Parameter "phase_shift16" = "0 ps"
    Info (12134): Parameter "duty_cycle16" = "50"
    Info (12134): Parameter "output_clock_frequency17" = "0 MHz"
    Info (12134): Parameter "phase_shift17" = "0 ps"
    Info (12134): Parameter "duty_cycle17" = "50"
    Info (12134): Parameter "pll_type" = "General"
    Info (12134): Parameter "pll_subtype" = "General"
Info (12128): Elaborating entity "vtc" for hierarchy "vtc:VGA_VTC" File: C:/Users/elena/Documents/quartus_workspace/em_project/src/em_project.sv Line: 185
Warning (10230): Verilog HDL assignment warning at vtc.sv(64): truncated value with size 32 to match size of target (12) File: C:/Users/elena/Documents/quartus_workspace/em_project/src/vtc.sv Line: 64
Warning (10230): Verilog HDL assignment warning at vtc.sv(68): truncated value with size 32 to match size of target (12) File: C:/Users/elena/Documents/quartus_workspace/em_project/src/vtc.sv Line: 68
Warning (10230): Verilog HDL assignment warning at vtc.sv(72): truncated value with size 32 to match size of target (12) File: C:/Users/elena/Documents/quartus_workspace/em_project/src/vtc.sv Line: 72
Warning (10230): Verilog HDL assignment warning at vtc.sv(77): truncated value with size 32 to match size of target (12) File: C:/Users/elena/Documents/quartus_workspace/em_project/src/vtc.sv Line: 77
Warning (10230): Verilog HDL assignment warning at vtc.sv(79): truncated value with size 32 to match size of target (12) File: C:/Users/elena/Documents/quartus_workspace/em_project/src/vtc.sv Line: 79
Info (12128): Elaborating entity "pixel_gen" for hierarchy "pixel_gen:PIXEL_GEN" File: C:/Users/elena/Documents/quartus_workspace/em_project/src/em_project.sv Line: 199
Warning (13024): Output pins are stuck at VCC or GND
    Warning (13410): Pin "LEDR[3]" is stuck at GND File: C:/Users/elena/Documents/quartus_workspace/em_project/src/em_project.sv Line: 21
    Warning (13410): Pin "LEDR[4]" is stuck at GND File: C:/Users/elena/Documents/quartus_workspace/em_project/src/em_project.sv Line: 21
    Warning (13410): Pin "LEDR[5]" is stuck at GND File: C:/Users/elena/Documents/quartus_workspace/em_project/src/em_project.sv Line: 21
    Warning (13410): Pin "LEDR[6]" is stuck at GND File: C:/Users/elena/Documents/quartus_workspace/em_project/src/em_project.sv Line: 21
    Warning (13410): Pin "VGA_BLANK_N" is stuck at VCC File: C:/Users/elena/Documents/quartus_workspace/em_project/src/em_project.sv Line: 52
    Warning (13410): Pin "VGA_B[0]" is stuck at GND File: C:/Users/elena/Documents/quartus_workspace/em_project/src/em_project.sv Line: 53
    Warning (13410): Pin "VGA_B[1]" is stuck at GND File: C:/Users/elena/Documents/quartus_workspace/em_project/src/em_project.sv Line: 53
    Warning (13410): Pin "VGA_B[2]" is stuck at GND File: C:/Users/elena/Documents/quartus_workspace/em_project/src/em_project.sv Line: 53
    Warning (13410): Pin "VGA_B[3]" is stuck at GND File: C:/Users/elena/Documents/quartus_workspace/em_project/src/em_project.sv Line: 53
    Warning (13410): Pin "VGA_G[0]" is stuck at GND File: C:/Users/elena/Documents/quartus_workspace/em_project/src/em_project.sv Line: 55
    Warning (13410): Pin "VGA_G[2]" is stuck at GND File: C:/Users/elena/Documents/quartus_workspace/em_project/src/em_project.sv Line: 55
    Warning (13410): Pin "VGA_G[4]" is stuck at GND File: C:/Users/elena/Documents/quartus_workspace/em_project/src/em_project.sv Line: 55
    Warning (13410): Pin "VGA_SYNC_N" is stuck at GND File: C:/Users/elena/Documents/quartus_workspace/em_project/src/em_project.sv Line: 58
Info (286030): Timing-Driven Synthesis is running
Info (16010): Generating hard_block partition "hard_block:auto_generated_inst"
    Info (16011): Adding 5 node(s), including 0 DDIO, 1 PLL, 0 transceiver and 0 LCELL
Warning: RST port on the PLL is not properly connected on instance refresh_pll:REFRESH_PLL_CLK|refresh_pll_0002:refresh_pll_inst|altera_pll:altera_pll_i|general[0].gpll. The reset port on the PLL should be connected. If the PLL loses lock for any reason, you might need to manually reset the PLL in order to re-establish lock to the reference clock. File: c:/intelfpga/20.1/quartus/libraries/megafunctions/altera_pll.v Line: 749
    Info: Must be connected
Warning (21074): Design contains 8 input pin(s) that do not drive logic
    Warning (15610): No output dependent on input pin "KEY[0]" File: C:/Users/elena/Documents/quartus_workspace/em_project/src/em_project.sv Line: 15
    Warning (15610): No output dependent on input pin "KEY[1]" File: C:/Users/elena/Documents/quartus_workspace/em_project/src/em_project.sv Line: 15
    Warning (15610): No output dependent on input pin "KEY[2]" File: C:/Users/elena/Documents/quartus_workspace/em_project/src/em_project.sv Line: 15
    Warning (15610): No output dependent on input pin "KEY[3]" File: C:/Users/elena/Documents/quartus_workspace/em_project/src/em_project.sv Line: 15
    Warning (15610): No output dependent on input pin "SW[3]" File: C:/Users/elena/Documents/quartus_workspace/em_project/src/em_project.sv Line: 18
    Warning (15610): No output dependent on input pin "SW[4]" File: C:/Users/elena/Documents/quartus_workspace/em_project/src/em_project.sv Line: 18
    Warning (15610): No output dependent on input pin "SW[5]" File: C:/Users/elena/Documents/quartus_workspace/em_project/src/em_project.sv Line: 18
    Warning (15610): No output dependent on input pin "SW[6]" File: C:/Users/elena/Documents/quartus_workspace/em_project/src/em_project.sv Line: 18
Info (21057): Implemented 131 device resources after synthesis - the final resource count might be different
    Info (21058): Implemented 15 input pins
    Info (21059): Implemented 39 output pins
    Info (21061): Implemented 76 logic cells
    Info (21065): Implemented 1 PLLs
Info: Quartus Prime Analysis & Synthesis was successful. 0 errors, 31 warnings
    Info: Peak virtual memory: 4818 megabytes
    Info: Processing ended: Sat Feb 20 15:23:03 2021
    Info: Elapsed time: 00:00:24
    Info: Total CPU time (on all processors): 00:00:42


