Flow report for em_project
Thu Mar 25 12:23:38 2021
Quartus Prime Version 20.1.1 Build 720 11/11/2020 SJ Standard Edition


---------------------
; Table of Contents ;
---------------------
  1. Legal Notice
  2. Flow Summary
  3. Flow Settings
  4. Flow Non-Default Global Settings
  5. Flow Elapsed Time
  6. Flow OS Summary
  7. Flow Log
  8. Flow Messages
  9. Flow Suppressed Messages



----------------
; Legal Notice ;
----------------
Copyright (C) 2020  Intel Corporation. All rights reserved.
Your use of Intel Corporation's design tools, logic functions 
and other software and tools, and any partner logic 
functions, and any output files from any of the foregoing 
(including device programming or simulation files), and any 
associated documentation or information are expressly subject 
to the terms and conditions of the Intel Program License 
Subscription Agreement, the Intel Quartus Prime License Agreement,
the Intel FPGA IP License Agreement, or other applicable license
agreement, including, without limitation, that your use is for
the sole purpose of programming logic devices manufactured by
Intel and sold by Intel or its authorized distributors.  Please
refer to the applicable agreement for further details, at
https://fpgasoftware.intel.com/eula.



+-----------------------------------------------------------------------------------+
; Flow Summary                                                                      ;
+---------------------------------+-------------------------------------------------+
; Flow Status                     ; Successful - Thu Mar 25 12:23:38 2021           ;
; Quartus Prime Version           ; 20.1.1 Build 720 11/11/2020 SJ Standard Edition ;
; Revision Name                   ; em_project                                      ;
; Top-level Entity Name           ; em_project                                      ;
; Family                          ; Cyclone V                                       ;
; Device                          ; 5CSXFC6D6F31C6                                  ;
; Timing Models                   ; Final                                           ;
; Logic utilization (in ALMs)     ; 298 / 41,910 ( < 1 % )                          ;
; Total registers                 ; 217                                             ;
; Total pins                      ; 54 / 499 ( 11 % )                               ;
; Total virtual pins              ; 0                                               ;
; Total block memory bits         ; 1,382,400 / 5,662,720 ( 24 % )                  ;
; Total DSP Blocks                ; 0 / 112 ( 0 % )                                 ;
; Total HSSI RX PCSs              ; 0 / 9 ( 0 % )                                   ;
; Total HSSI PMA RX Deserializers ; 0 / 9 ( 0 % )                                   ;
; Total HSSI TX PCSs              ; 0 / 9 ( 0 % )                                   ;
; Total HSSI PMA TX Serializers   ; 0 / 9 ( 0 % )                                   ;
; Total PLLs                      ; 1 / 15 ( 7 % )                                  ;
; Total DLLs                      ; 0 / 4 ( 0 % )                                   ;
+---------------------------------+-------------------------------------------------+


+-----------------------------------------+
; Flow Settings                           ;
+-------------------+---------------------+
; Option            ; Setting             ;
+-------------------+---------------------+
; Start date & time ; 03/25/2021 12:19:16 ;
; Main task         ; Compilation         ;
; Revision Name     ; em_project          ;
+-------------------+---------------------+


+----------------------------------------------------------------------------------------------------------------------------------+
; Flow Non-Default Global Settings                                                                                                 ;
+--------------------------------------+--------------------------------------------+---------------+-------------+----------------+
; Assignment Name                      ; Value                                      ; Default Value ; Entity Name ; Section Id     ;
+--------------------------------------+--------------------------------------------+---------------+-------------+----------------+
; COMPILER_SIGNATURE_ID                ; 10995770589191.161669635612620             ; --            ; --          ; --             ;
; EDA_DESIGN_INSTANCE_NAME             ; NA                                         ; --            ; --          ; tb             ;
; EDA_NATIVELINK_SIMULATION_TEST_BENCH ; tb                                         ; --            ; --          ; eda_simulation ;
; EDA_OUTPUT_DATA_FORMAT               ; Systemverilog Hdl                          ; --            ; --          ; eda_simulation ;
; EDA_SIMULATION_TOOL                  ; ModelSim-Altera (SystemVerilog)            ; <None>        ; --          ; --             ;
; EDA_TEST_BENCH_ENABLE_STATUS         ; TEST_BENCH_MODE                            ; --            ; --          ; eda_simulation ;
; EDA_TEST_BENCH_FILE                  ; ../src/tb.sv                               ; --            ; --          ; tb             ;
; EDA_TEST_BENCH_MODULE_NAME           ; tb                                         ; --            ; --          ; tb             ;
; EDA_TEST_BENCH_NAME                  ; tb                                         ; --            ; --          ; eda_simulation ;
; EDA_TIME_SCALE                       ; 1 ps                                       ; --            ; --          ; eda_simulation ;
; MAX_CORE_JUNCTION_TEMP               ; 85                                         ; --            ; --          ; --             ;
; MIN_CORE_JUNCTION_TEMP               ; 0                                          ; --            ; --          ; --             ;
; MISC_FILE                            ; refresh_pll_720p.cmp                       ; --            ; --          ; --             ;
; MISC_FILE                            ; refresh_pll_720p_sim/refresh_pll_720p.vo   ; --            ; --          ; --             ;
; MISC_FILE                            ; refresh_pll_1080p.cmp                      ; --            ; --          ; --             ;
; MISC_FILE                            ; refresh_pll_1080p_sim/refresh_pll_1080p.vo ; --            ; --          ; --             ;
; MISC_FILE                            ; rom_p4_bb.v                                ; --            ; --          ; --             ;
; MISC_FILE                            ; rom_p4b_bb.v                               ; --            ; --          ; --             ;
; PARTITION_COLOR                      ; -- (Not supported for targeted family)     ; --            ; --          ; Top            ;
; PARTITION_FITTER_PRESERVATION_LEVEL  ; -- (Not supported for targeted family)     ; --            ; --          ; Top            ;
; PARTITION_NETLIST_TYPE               ; -- (Not supported for targeted family)     ; --            ; --          ; Top            ;
; POWER_BOARD_THERMAL_MODEL            ; None (CONSERVATIVE)                        ; --            ; --          ; --             ;
; POWER_PRESET_COOLING_SOLUTION        ; 23 MM HEAT SINK WITH 200 LFPM AIRFLOW      ; --            ; --          ; --             ;
; SPD_FILE                             ; refresh_pll_720p.spd                       ; --            ; --          ; --             ;
; SPD_FILE                             ; refresh_pll_1080p.spd                      ; --            ; --          ; --             ;
; SYNTHESIS_ONLY_QIP                   ; On                                         ; --            ; --          ; --             ;
; SYNTHESIS_ONLY_QIP                   ; On                                         ; --            ; --          ; --             ;
; VERILOG_INPUT_VERSION                ; SystemVerilog_2005                         ; Verilog_2001  ; --          ; --             ;
; VERILOG_SHOW_LMF_MAPPING_MESSAGES    ; Off                                        ; --            ; --          ; --             ;
+--------------------------------------+--------------------------------------------+---------------+-------------+----------------+


+--------------------------------------------------------------------------------------------------------------------------+
; Flow Elapsed Time                                                                                                        ;
+----------------------+--------------+-------------------------+---------------------+------------------------------------+
; Module Name          ; Elapsed Time ; Average Processors Used ; Peak Virtual Memory ; Total CPU Time (on all processors) ;
+----------------------+--------------+-------------------------+---------------------+------------------------------------+
; Analysis & Synthesis ; 00:00:50     ; 1.0                     ; 4927 MB             ; 00:01:22                           ;
; Fitter               ; 00:02:34     ; 1.1                     ; 6343 MB             ; 00:04:17                           ;
; Assembler            ; 00:00:15     ; 1.0                     ; 4881 MB             ; 00:00:16                           ;
; Timing Analyzer      ; 00:00:25     ; 1.4                     ; 5212 MB             ; 00:00:32                           ;
; EDA Netlist Writer   ; 00:00:07     ; 1.0                     ; 4852 MB             ; 00:00:06                           ;
; Total                ; 00:04:11     ; --                      ; --                  ; 00:06:33                           ;
+----------------------+--------------+-------------------------+---------------------+------------------------------------+


+------------------------------------------------------------------------------------+
; Flow OS Summary                                                                    ;
+----------------------+------------------+------------+------------+----------------+
; Module Name          ; Machine Hostname ; OS Name    ; OS Version ; Processor type ;
+----------------------+------------------+------------+------------+----------------+
; Analysis & Synthesis ; EA13-SBOOK       ; Windows 10 ; 10.0       ; x86_64         ;
; Fitter               ; EA13-SBOOK       ; Windows 10 ; 10.0       ; x86_64         ;
; Assembler            ; EA13-SBOOK       ; Windows 10 ; 10.0       ; x86_64         ;
; Timing Analyzer      ; EA13-SBOOK       ; Windows 10 ; 10.0       ; x86_64         ;
; EDA Netlist Writer   ; EA13-SBOOK       ; Windows 10 ; 10.0       ; x86_64         ;
+----------------------+------------------+------------+------------+----------------+


------------
; Flow Log ;
------------
quartus_map --read_settings_files=on --write_settings_files=off em_project -c em_project
quartus_fit --read_settings_files=off --write_settings_files=off em_project -c em_project
quartus_asm --read_settings_files=off --write_settings_files=off em_project -c em_project
quartus_sta em_project -c em_project
quartus_eda --read_settings_files=off --write_settings_files=off em_project -c em_project



